"../../../Engine/Content/EditorResources/S_Actor.ubulk" 0
"../../../Engine/Content/EditorResources/S_Actor.uasset" 1
"../../../Engine/Content/EditorResources/S_Actor.uexp" 2
"../../../Engine/Content/EditorResources/S_BoxReflectionCapture.uasset" 3
"../../../Engine/Content/EditorResources/S_BoxReflectionCapture.uexp" 4
"../../../Engine/Content/EngineResources/DefaultTexture.ubulk" 5
"../../../Engine/Content/EngineResources/DefaultTexture.uasset" 6
"../../../Engine/Content/EngineResources/DefaultTexture.uexp" 7
"../../../Engine/Content/EngineResources/DefaultTextureCube.uasset" 8
"../../../Engine/Content/EngineResources/DefaultTextureCube.uexp" 9
"../../../Engine/Content/EngineResources/DefaultVolumeTexture2D.uasset" 10
"../../../Engine/Content/EngineResources/DefaultVolumeTexture2D.uexp" 11
"../../../Engine/Content/EngineResources/DefaultVolumeTexture.uasset" 12
"../../../Engine/Content/EngineResources/DefaultVolumeTexture.uexp" 13
"../../../Engine/Content/EditorResources/S_Trigger.ubulk" 14
"../../../Engine/Content/EditorResources/S_Trigger.uasset" 15
"../../../Engine/Content/EditorResources/S_Trigger.uexp" 16
"../../../Engine/Content/EditorResources/S_TriggerBox.uasset" 17
"../../../Engine/Content/EditorResources/S_TriggerBox.uexp" 18
"../../../Engine/Content/EditorResources/S_TriggerCapsule.uasset" 19
"../../../Engine/Content/EditorResources/S_TriggerCapsule.uexp" 20
"../../../Engine/Content/EditorResources/S_TriggerSphere.uasset" 21
"../../../Engine/Content/EditorResources/S_TriggerSphere.uexp" 22
"../../../Engine/Content/EngineMeshes/Sphere.uasset" 23
"../../../Engine/Content/EngineMeshes/Sphere.uexp" 24
"../../../Engine/Content/EngineResources/GradientTexture0.uasset" 25
"../../../Engine/Content/EngineResources/GradientTexture0.uexp" 26
"../../../Engine/Content/EngineResources/Black.uasset" 27
"../../../Engine/Content/EngineResources/Black.uexp" 28
"../../../Engine/Content/VREditor/LaserPointer/VR_LaserPower_01.ubulk" 29
"../../../Engine/Content/VREditor/LaserPointer/VR_LaserPower_01.uasset" 30
"../../../Engine/Content/VREditor/LaserPointer/VR_LaserPower_01.uexp" 31
"../../../Engine/Content/VREditor/TransformGizmo/TransformGizmoMaterial.uasset" 32
"../../../Engine/Content/VREditor/TransformGizmo/TransformGizmoMaterial.uexp" 33
"../../../Engine/Content/VREditor/TransformGizmo/TranslucentTransformGizmoMaterial.uasset" 34
"../../../Engine/Content/VREditor/TransformGizmo/TranslucentTransformGizmoMaterial.uexp" 35
"../../../Engine/Content/VREditor/TransformGizmo/PlaneTranslationHandle.uasset" 36
"../../../Engine/Content/VREditor/TransformGizmo/PlaneTranslationHandle.uexp" 37
"../../../Engine/Content/VREditor/TransformGizmo/BoundingBoxCorner.uasset" 38
"../../../Engine/Content/VREditor/TransformGizmo/BoundingBoxCorner.uexp" 39
"../../../Engine/Content/VREditor/TransformGizmo/BoundingBoxEdge.uasset" 40
"../../../Engine/Content/VREditor/TransformGizmo/BoundingBoxEdge.uexp" 41
"../../../Engine/Content/VREditor/TransformGizmo/Main.uasset" 42
"../../../Engine/Content/VREditor/TransformGizmo/Main.uexp" 43
"../../../Engine/Content/VREditor/TransformGizmo/Xray.uasset" 44
"../../../Engine/Content/VREditor/TransformGizmo/Xray.uexp" 45
"../../../Engine/Content/VREditor/TransformGizmo/SM_Sequencer_Node.uasset" 46
"../../../Engine/Content/VREditor/TransformGizmo/SM_Sequencer_Node.uexp" 47
"../../../Engine/Content/EditorMaterials/Camera/CineMat.uasset" 48
"../../../Engine/Content/EditorMaterials/Camera/CineMat.uexp" 49
"../../../Engine/Content/EditorMaterials/Camera/MI_CineMat_Rig.uasset" 50
"../../../Engine/Content/EditorMaterials/Camera/MI_CineMat_Rig.uexp" 51
"../../../Engine/Content/EditorMeshes/Camera/SM_CraneRig_Base.uasset" 52
"../../../Engine/Content/EditorMeshes/Camera/SM_CraneRig_Base.uexp" 53
"../../../Engine/Content/EditorMeshes/Camera/SM_CraneRig_Arm.uasset" 54
"../../../Engine/Content/EditorMeshes/Camera/SM_CraneRig_Arm.uexp" 55
"../../../Engine/Content/EditorMeshes/Camera/SM_CraneRig_Mount.uasset" 56
"../../../Engine/Content/EditorMeshes/Camera/SM_CraneRig_Mount.uexp" 57
"../../../Engine/Content/EditorMeshes/Camera/SM_CraneRig_Body.uasset" 58
"../../../Engine/Content/EditorMeshes/Camera/SM_CraneRig_Body.uexp" 59
"../../../Engine/Content/EditorMeshes/Camera/SM_RailRig_Track.uasset" 60
"../../../Engine/Content/EditorMeshes/Camera/SM_RailRig_Track.uexp" 61
"../../../Engine/Content/EditorMeshes/Camera/SM_RailRig_Mount.uasset" 62
"../../../Engine/Content/EditorMeshes/Camera/SM_RailRig_Mount.uexp" 63
"../../../Engine/Content/EngineMaterials/T_Default_Material_Grid_M.ubulk" 64
"../../../Engine/Content/EngineMaterials/T_Default_Material_Grid_M.uasset" 65
"../../../Engine/Content/EngineMaterials/T_Default_Material_Grid_M.uexp" 66
"../../../Engine/Content/EngineMaterials/T_Default_Material_Grid_N.ubulk" 67
"../../../Engine/Content/EngineMaterials/T_Default_Material_Grid_N.uasset" 68
"../../../Engine/Content/EngineMaterials/T_Default_Material_Grid_N.uexp" 69
"../../../Engine/Content/Functions/Engine_MaterialFunctions01/Opacity/CameraDepthFade.uasset" 70
"../../../Engine/Content/Functions/Engine_MaterialFunctions01/Opacity/CameraDepthFade.uexp" 71
"../../../Engine/Content/EngineMaterials/WorldGridMaterial.uasset" 72
"../../../Engine/Content/EngineMaterials/WorldGridMaterial.uexp" 73
"../../../Engine/Content/ArtTools/RenderToTexture/Meshes/S_1_Unit_Plane.uasset" 74
"../../../Engine/Content/ArtTools/RenderToTexture/Meshes/S_1_Unit_Plane.uexp" 75
"../../../Engine/Content/EditorMaterials/ParticleSystems/PSysThumbnail_NoImage.ubulk" 76
"../../../Engine/Content/EditorMaterials/ParticleSystems/PSysThumbnail_NoImage.uasset" 77
"../../../Engine/Content/EditorMaterials/ParticleSystems/PSysThumbnail_NoImage.uexp" 78
"../../../Engine/Content/EditorMaterials/ParticleSystems/PSysThumbnail_OOD.ubulk" 79
"../../../Engine/Content/EditorMaterials/ParticleSystems/PSysThumbnail_OOD.uasset" 80
"../../../Engine/Content/EditorMaterials/ParticleSystems/PSysThumbnail_OOD.uexp" 81
"../../../Engine/Content/EditorLandscapeResources/SplineEditorMeshMat.uasset" 82
"../../../Engine/Content/EditorLandscapeResources/SplineEditorMeshMat.uexp" 83
"../../../Engine/Content/EditorLandscapeResources/SplineEditorMesh.uasset" 84
"../../../Engine/Content/EditorLandscapeResources/SplineEditorMesh.uexp" 85
"../../../Engine/Content/EditorResources/S_Solver.ubulk" 86
"../../../Engine/Content/EditorResources/S_Solver.uasset" 87
"../../../Engine/Content/EditorResources/S_Solver.uexp" 88
"../../../Engine/Plugins/Media/MediaPlate/Content/SM_MediaPlateScreen.uasset" 89
"../../../Engine/Plugins/Media/MediaPlate/Content/SM_MediaPlateScreen.uexp" 90
"../../../Engine/Content/EngineMaterials/Good64x64TilingNoiseHighFreq.uasset" 91
"../../../Engine/Content/EngineMaterials/Good64x64TilingNoiseHighFreq.uexp" 92
"../../../Engine/Content/EngineMaterials/DefaultBokeh.uasset" 93
"../../../Engine/Content/EngineMaterials/DefaultBokeh.uexp" 94
"../../../Engine/Content/EngineMaterials/PreintegratedSkinBRDF.uasset" 95
"../../../Engine/Content/EngineMaterials/PreintegratedSkinBRDF.uexp" 96
"../../../Engine/Content/EngineMaterials/MiniFont.uasset" 97
"../../../Engine/Content/EngineMaterials/MiniFont.uexp" 98
"../../../Engine/Content/EngineMaterials/WeightMapPlaceholderTexture.uasset" 99
"../../../Engine/Content/EngineMaterials/WeightMapPlaceholderTexture.uexp" 100
"../../../Engine/Content/EngineMaterials/DefaultWhiteGrid.ubulk" 101
"../../../Engine/Content/EngineMaterials/DefaultWhiteGrid.uasset" 102
"../../../Engine/Content/EngineMaterials/DefaultWhiteGrid.uexp" 103
"D:/ue4/Golf_Revived/Content/Material/golf_grass.ubulk" 104
"D:/ue4/Golf_Revived/Content/Material/golf_grass.uasset" 105
"D:/ue4/Golf_Revived/Content/Material/golf_grass.uexp" 106
"D:/ue4/Golf_Revived/Content/HUD/Buttons/return.uasset" 107
"D:/ue4/Golf_Revived/Content/HUD/Buttons/return.uexp" 108
"D:/ue4/Golf_Revived/Content/HUD/compass.uasset" 109
"D:/ue4/Golf_Revived/Content/HUD/compass.uexp" 110
"D:/ue4/Golf_Revived/Content/HUD/power_meter_fill.uasset" 111
"D:/ue4/Golf_Revived/Content/HUD/power_meter_fill.uexp" 112
"D:/ue4/Golf_Revived/Content/HUD/power_meter.uasset" 113
"D:/ue4/Golf_Revived/Content/HUD/power_meter.uexp" 114
"D:/ue4/Golf_Revived/Content/HUD/Buttons/golf_main_menu.uasset" 115
"D:/ue4/Golf_Revived/Content/HUD/Buttons/golf_main_menu.uexp" 116
"D:/ue4/Golf_Revived/Content/Material/NormalMap.uasset" 117
"D:/ue4/Golf_Revived/Content/Material/NormalMap.uexp" 118
"D:/ue4/Golf_Revived/Content/Sounds/golf_swing.ubulk" 119
"D:/ue4/Golf_Revived/Content/Sounds/golf_swing.uasset" 120
"D:/ue4/Golf_Revived/Content/Sounds/golf_swing.uexp" 121
"D:/ue4/Golf_Revived/Content/Sounds/Swing.uasset" 122
"D:/ue4/Golf_Revived/Content/Sounds/Swing.uexp" 123
"D:/ue4/Golf_Revived/Content/Sounds/Water_Splash.ubulk" 124
"D:/ue4/Golf_Revived/Content/Sounds/Water_Splash.uasset" 125
"D:/ue4/Golf_Revived/Content/Sounds/Water_Splash.uexp" 126
"D:/ue4/Golf_Revived/Content/Sounds/button_click.ubulk" 127
"D:/ue4/Golf_Revived/Content/Sounds/button_click.uasset" 128
"D:/ue4/Golf_Revived/Content/Sounds/button_click.uexp" 129
"D:/ue4/Golf_Revived/Content/HUD/Buttons/tutorial.uasset" 130
"D:/ue4/Golf_Revived/Content/HUD/Buttons/tutorial.uexp" 131
"D:/ue4/Golf_Revived/Content/HUD/tutorial.uasset" 132
"D:/ue4/Golf_Revived/Content/HUD/tutorial.uexp" 133
"D:/ue4/Golf_Revived/Content/HUD/font.uexp" 134
"D:/ue4/Golf_Revived/Content/HUD/font.uasset" 135
"D:/ue4/Golf_Revived/Content/HUD/font.ufont" 136
"D:/ue4/Golf_Revived/Content/HUD/Kenney_Future.uasset" 137
"D:/ue4/Golf_Revived/Content/HUD/Kenney_Future.uexp" 138
"D:/ue4/Golf_Revived/Content/HUD/Buttons/info.ubulk" 139
"D:/ue4/Golf_Revived/Content/HUD/Buttons/info.uasset" 140
"D:/ue4/Golf_Revived/Content/HUD/Buttons/info.uexp" 141
"D:/ue4/Golf_Revived/Content/HUD/Buttons/blank.ubulk" 142
"D:/ue4/Golf_Revived/Content/HUD/Buttons/blank.uasset" 143
"D:/ue4/Golf_Revived/Content/HUD/Buttons/blank.uexp" 144
"D:/ue4/Golf_Revived/Content/HUD/Buttons/next_level.ubulk" 145
"D:/ue4/Golf_Revived/Content/HUD/Buttons/next_level.uasset" 146
"D:/ue4/Golf_Revived/Content/HUD/Buttons/next_level.uexp" 147
"D:/ue4/Golf_Revived/Content/Save_Game.uasset" 148
"D:/ue4/Golf_Revived/Content/Save_Game.uexp" 149
"D:/ue4/Golf_Revived/Content/HUD/Buttons/credits.uasset" 150
"D:/ue4/Golf_Revived/Content/HUD/Buttons/credits.uexp" 151
"D:/ue4/Golf_Revived/Content/HUD/credits.uasset" 152
"D:/ue4/Golf_Revived/Content/HUD/credits.uexp" 153
"D:/ue4/Golf_Revived/Content/HUD/NexaText-Trial-Bold.uexp" 154
"D:/ue4/Golf_Revived/Content/HUD/NexaText-Trial-Bold.uasset" 155
"D:/ue4/Golf_Revived/Content/HUD/NexaText-Trial-Bold.ufont" 156
"D:/ue4/Golf_Revived/Content/HUD/NexaText-Trial-Bold_Font.uasset" 157
"D:/ue4/Golf_Revived/Content/HUD/NexaText-Trial-Bold_Font.uexp" 158
"D:/ue4/Golf_Revived/Content/HUD/Buttons/long_button.uasset" 159
"D:/ue4/Golf_Revived/Content/HUD/Buttons/long_button.uexp" 160
"D:/ue4/Golf_Revived/Content/HUD/Main_menu.uasset" 161
"D:/ue4/Golf_Revived/Content/HUD/Main_menu.uexp" 162
"../../../Engine/Content/EditorBlueprintResources/StandardMacros.uasset" 163
"../../../Engine/Content/EditorBlueprintResources/StandardMacros.uexp" 164
"D:/ue4/Golf_Revived/Content/HUD/Level_select.uasset" 165
"D:/ue4/Golf_Revived/Content/HUD/Level_select.uexp" 166
"D:/ue4/Golf_Revived/Content/HUD/Buttons/levels.ubulk" 167
"D:/ue4/Golf_Revived/Content/HUD/Buttons/levels.uasset" 168
"D:/ue4/Golf_Revived/Content/HUD/Buttons/levels.uexp" 169
"D:/ue4/Golf_Revived/Content/HUD/Buttons/quit.ubulk" 170
"D:/ue4/Golf_Revived/Content/HUD/Buttons/quit.uasset" 171
"D:/ue4/Golf_Revived/Content/HUD/Buttons/quit.uexp" 172
"D:/ue4/Golf_Revived/Content/HUD/Retry.uasset" 173
"D:/ue4/Golf_Revived/Content/HUD/Retry.uexp" 174
"D:/ue4/Golf_Revived/Content/player/Arrow.uasset" 175
"D:/ue4/Golf_Revived/Content/player/Arrow.uexp" 176
"D:/ue4/Golf_Revived/Content/player/golfBall_normal.ubulk" 177
"D:/ue4/Golf_Revived/Content/player/golfBall_normal.uasset" 178
"D:/ue4/Golf_Revived/Content/player/golfBall_normal.uexp" 179
"D:/ue4/Golf_Revived/Content/player/player_master.uasset" 180
"D:/ue4/Golf_Revived/Content/player/player_master.uexp" 181
"D:/ue4/Golf_Revived/Content/player/golf_ball_player.uasset" 182
"D:/ue4/Golf_Revived/Content/player/golf_ball_player.uexp" 183
"D:/ue4/Golf_Revived/Content/player/hitting_walls.uasset" 184
"D:/ue4/Golf_Revived/Content/player/hitting_walls.uexp" 185
"../../../Engine/Plugins/2D/Paper2D/Content/PlaceholderTextures/DummySpriteTexture.ubulk" 186
"../../../Engine/Plugins/2D/Paper2D/Content/PlaceholderTextures/DummySpriteTexture.uasset" 187
"../../../Engine/Plugins/2D/Paper2D/Content/PlaceholderTextures/DummySpriteTexture.uexp" 188
"../../../Engine/Plugins/2D/Paper2D/Content/DefaultSpriteMaterial.uasset" 189
"../../../Engine/Plugins/2D/Paper2D/Content/DefaultSpriteMaterial.uexp" 190
"../../../Engine/Plugins/2D/Paper2D/Content/TranslucentUnlitSpriteMaterial.uasset" 191
"../../../Engine/Plugins/2D/Paper2D/Content/TranslucentUnlitSpriteMaterial.uexp" 192
"D:/ue4/Golf_Revived/Content/Sprites/splash.uasset" 193
"D:/ue4/Golf_Revived/Content/Sprites/splash.uexp" 194
"D:/ue4/Golf_Revived/Content/Sprites/splash_Sprite_0.uasset" 195
"D:/ue4/Golf_Revived/Content/Sprites/splash_Sprite_0.uexp" 196
"D:/ue4/Golf_Revived/Content/Sprites/splash_Sprite_1.uasset" 197
"D:/ue4/Golf_Revived/Content/Sprites/splash_Sprite_1.uexp" 198
"D:/ue4/Golf_Revived/Content/Sprites/splash_Sprite_2.uasset" 199
"D:/ue4/Golf_Revived/Content/Sprites/splash_Sprite_2.uexp" 200
"D:/ue4/Golf_Revived/Content/Sprites/splash_Sprite_3.uasset" 201
"D:/ue4/Golf_Revived/Content/Sprites/splash_Sprite_3.uexp" 202
"D:/ue4/Golf_Revived/Content/Sprites/splash_Sprite_4.uasset" 203
"D:/ue4/Golf_Revived/Content/Sprites/splash_Sprite_4.uexp" 204
"D:/ue4/Golf_Revived/Content/Sprites/splash_Sprite_5.uasset" 205
"D:/ue4/Golf_Revived/Content/Sprites/splash_Sprite_5.uexp" 206
"D:/ue4/Golf_Revived/Content/Sprites/splash_Sprite_6.uasset" 207
"D:/ue4/Golf_Revived/Content/Sprites/splash_Sprite_6.uexp" 208
"D:/ue4/Golf_Revived/Content/Sprites/Splash_anime.uasset" 209
"D:/ue4/Golf_Revived/Content/Sprites/Splash_anime.uexp" 210
"D:/ue4/Golf_Revived/Content/Sprites/puddle.uasset" 211
"D:/ue4/Golf_Revived/Content/Sprites/puddle.uexp" 212
"D:/ue4/Golf_Revived/Content/Sprites/puddle_Sprite_0.uasset" 213
"D:/ue4/Golf_Revived/Content/Sprites/puddle_Sprite_0.uexp" 214
"D:/ue4/Golf_Revived/Content/Sprites/puddle_Sprite_1.uasset" 215
"D:/ue4/Golf_Revived/Content/Sprites/puddle_Sprite_1.uexp" 216
"D:/ue4/Golf_Revived/Content/Sprites/puddle_Sprite_2.uasset" 217
"D:/ue4/Golf_Revived/Content/Sprites/puddle_Sprite_2.uexp" 218
"D:/ue4/Golf_Revived/Content/Sprites/puddle_Sprite_3.uasset" 219
"D:/ue4/Golf_Revived/Content/Sprites/puddle_Sprite_3.uexp" 220
"D:/ue4/Golf_Revived/Content/Sprites/puddle_Sprite_4.uasset" 221
"D:/ue4/Golf_Revived/Content/Sprites/puddle_Sprite_4.uexp" 222
"D:/ue4/Golf_Revived/Content/Sprites/puddle_Sprite_5.uasset" 223
"D:/ue4/Golf_Revived/Content/Sprites/puddle_Sprite_5.uexp" 224
"D:/ue4/Golf_Revived/Content/Sprites/puddle_anime.uasset" 225
"D:/ue4/Golf_Revived/Content/Sprites/puddle_anime.uexp" 226
"D:/ue4/Golf_Revived/Content/Blueprints/Splash_anime.uasset" 227
"D:/ue4/Golf_Revived/Content/Blueprints/Splash_anime.uexp" 228
"D:/ue4/Golf_Revived/Content/Material/trail_alpha.uasset" 229
"D:/ue4/Golf_Revived/Content/Material/trail_alpha.uexp" 230
"D:/ue4/Golf_Revived/Content/Material/trail.uasset" 231
"D:/ue4/Golf_Revived/Content/Material/trail.uexp" 232
"D:/ue4/Golf_Revived/Content/Material/trail_ball.uasset" 233
"D:/ue4/Golf_Revived/Content/Material/trail_ball.uexp" 234
"D:/ue4/Golf_Revived/Content/player/arrow_direction.uasset" 235
"D:/ue4/Golf_Revived/Content/player/arrow_direction.uexp" 236
"D:/ue4/Golf_Revived/Content/Sounds/golf_hit.ubulk" 237
"D:/ue4/Golf_Revived/Content/Sounds/golf_hit.uasset" 238
"D:/ue4/Golf_Revived/Content/Sounds/golf_hit.uexp" 239
"D:/ue4/Golf_Revived/Content/Sounds/golf_hitting.uasset" 240
"D:/ue4/Golf_Revived/Content/Sounds/golf_hitting.uexp" 241
"D:/ue4/Golf_Revived/Content/player/Shake.uasset" 242
"D:/ue4/Golf_Revived/Content/player/Shake.uexp" 243
"D:/ue4/Golf_Revived/Content/Sprites/goal.uasset" 244
"D:/ue4/Golf_Revived/Content/Sprites/goal.uexp" 245
"D:/ue4/Golf_Revived/Content/actors/goal.uasset" 246
"D:/ue4/Golf_Revived/Content/actors/goal.uexp" 247
"D:/ue4/Golf_Revived/Content/actors/End_hole.uasset" 248
"D:/ue4/Golf_Revived/Content/actors/End_hole.uexp" 249
"D:/ue4/Golf_Revived/Content/HUD/heart.uasset" 250
"D:/ue4/Golf_Revived/Content/HUD/heart.uexp" 251
"../../../Engine/Content/BasicShapes/BasicShapeMaterial.uasset" 252
"../../../Engine/Content/BasicShapes/BasicShapeMaterial.uexp" 253
"D:/ue4/Golf_Revived/Content/props/dark.uasset" 254
"D:/ue4/Golf_Revived/Content/props/dark.uexp" 255
"D:/ue4/Golf_Revived/Content/props/border.uasset" 256
"D:/ue4/Golf_Revived/Content/props/border.uexp" 257
"D:/ue4/Golf_Revived/Content/props/flag_red.uasset" 258
"D:/ue4/Golf_Revived/Content/props/flag_red.uexp" 259
"D:/ue4/Golf_Revived/Content/actors/flag_pole.uasset" 260
"D:/ue4/Golf_Revived/Content/actors/flag_pole.uexp" 261
"D:/ue4/Golf_Revived/Content/HUD/Buttons/pause.ubulk" 262
"D:/ue4/Golf_Revived/Content/HUD/Buttons/pause.uasset" 263
"D:/ue4/Golf_Revived/Content/HUD/Buttons/pause.uexp" 264
"D:/ue4/Golf_Revived/Content/HUD/Buttons/play.ubulk" 265
"D:/ue4/Golf_Revived/Content/HUD/Buttons/play.uasset" 266
"D:/ue4/Golf_Revived/Content/HUD/Buttons/play.uexp" 267
"D:/ue4/Golf_Revived/Content/HUD/Pause.uasset" 268
"D:/ue4/Golf_Revived/Content/HUD/Pause.uexp" 269
"D:/ue4/Golf_Revived/Content/HUD/angle_power.uasset" 270
"D:/ue4/Golf_Revived/Content/HUD/angle_power.uexp" 271
"D:/ue4/Golf_Revived/Content/player/Arrow_mid.uasset" 272
"D:/ue4/Golf_Revived/Content/player/Arrow_mid.uexp" 273
"D:/ue4/Golf_Revived/Content/Material/See_through.uasset" 274
"D:/ue4/Golf_Revived/Content/Material/See_through.uexp" 275
"D:/ue4/Golf_Revived/Content/player/Arrow_last.uasset" 276
"D:/ue4/Golf_Revived/Content/player/Arrow_last.uexp" 277
"D:/ue4/Golf_Revived/Content/player/ball.uasset" 278
"D:/ue4/Golf_Revived/Content/player/ball.uexp" 279
"D:/ue4/Golf_Revived/Content/player/Mygamemode.uasset" 280
"D:/ue4/Golf_Revived/Content/player/Mygamemode.uexp" 281
"D:/ue4/Golf_Revived/Content/props/green.uasset" 282
"D:/ue4/Golf_Revived/Content/props/green.uexp" 283
"D:/ue4/Golf_Revived/Content/props/corner.uasset" 284
"D:/ue4/Golf_Revived/Content/props/corner.uexp" 285
"D:/ue4/Golf_Revived/Content/Sounds/gamemusic.ubulk" 286
"D:/ue4/Golf_Revived/Content/Sounds/gamemusic.uasset" 287
"D:/ue4/Golf_Revived/Content/Sounds/gamemusic.uexp" 288
"../../../Engine/Content/Animation/DefaultRecorderBoneCompression.uasset" 289
"../../../Engine/Content/Animation/DefaultRecorderBoneCompression.uexp" 290
"../../../Engine/Content/Animation/DefaultAnimCurveCompressionSettings.uasset" 291
"../../../Engine/Content/Animation/DefaultAnimCurveCompressionSettings.uexp" 292
"../../../Engine/Content/Animation/DefaultAnimBoneCompressionSettings.uasset" 293
"../../../Engine/Content/Animation/DefaultAnimBoneCompressionSettings.uexp" 294
"../../../Engine/Plugins/Interchange/Runtime/Content/Pipelines/DefaultSceneLevelPipeline.uasset" 295
"../../../Engine/Plugins/Interchange/Runtime/Content/Pipelines/DefaultSceneLevelPipeline.uexp" 296
"../../../Engine/Content/EngineMaterials/DefaultMaterial.uasset" 297
"../../../Engine/Content/EngineMaterials/DefaultMaterial.uexp" 298
"../../../Engine/Content/BasicShapes/Sphere.uasset" 299
"../../../Engine/Content/BasicShapes/Sphere.uexp" 300
"../../../Engine/Content/BasicShapes/Cylinder.uasset" 301
"../../../Engine/Content/BasicShapes/Cylinder.uexp" 302
"../../../Engine/Content/BasicShapes/Cone.uasset" 303
"../../../Engine/Content/BasicShapes/Cone.uexp" 304
"../../../Engine/Content/EditorLandscapeResources/DefaultAlphaTexture.uasset" 305
"../../../Engine/Content/EditorLandscapeResources/DefaultAlphaTexture.uexp" 306
"../../../Engine/Content/EditorLandscapeResources/DataLayer.uasset" 307
"../../../Engine/Content/EditorLandscapeResources/DataLayer.uexp" 308
"../../../Engine/Content/EditorMaterials/PreviewShadowIndicator.ubulk" 309
"../../../Engine/Content/EditorMaterials/PreviewShadowIndicator.uasset" 310
"../../../Engine/Content/EditorMaterials/PreviewShadowIndicator.uexp" 311
"../../../Engine/Content/EditorMaterials/PreviewShadowIndicatorMaterial.uasset" 312
"../../../Engine/Content/EditorMaterials/PreviewShadowIndicatorMaterial.uexp" 313
"../../../Engine/Content/EditorMaterials/PhAT_UnselectedMaterial.uasset" 314
"../../../Engine/Content/EditorMaterials/PhAT_UnselectedMaterial.uexp" 315
"../../../Engine/Content/EditorMaterials/PhAT_NoCollisionMaterial.uasset" 316
"../../../Engine/Content/EditorMaterials/PhAT_NoCollisionMaterial.uexp" 317
"../../../Engine/Content/Functions/Engine_MaterialFunctions02/Utility/MakeFloat4.uasset" 318
"../../../Engine/Content/Functions/Engine_MaterialFunctions02/Utility/MakeFloat4.uexp" 319
"../../../Engine/Content/Functions/Engine_MaterialFunctions02/Utility/MakeFloat3.uasset" 320
"../../../Engine/Content/Functions/Engine_MaterialFunctions02/Utility/MakeFloat3.uexp" 321
"../../../Engine/Content/Functions/Engine_MaterialFunctions02/Utility/BreakOutFloat3Components.uasset" 322
"../../../Engine/Content/Functions/Engine_MaterialFunctions02/Utility/BreakOutFloat3Components.uexp" 323
"../../../Engine/Content/EditorMaterials/WorldPartition/WorldPartitionSpatialHashGridPreviewMaterial.uasset" 324
"../../../Engine/Content/EditorMaterials/WorldPartition/WorldPartitionSpatialHashGridPreviewMaterial.uexp" 325
"../../../Engine/Content/EditorResources/S_Terrain.ubulk" 326
"../../../Engine/Content/EditorResources/S_Terrain.uasset" 327
"../../../Engine/Content/EditorResources/S_Terrain.uexp" 328
"../../../Engine/Content/EditorResources/EmptyActor.uasset" 329
"../../../Engine/Content/EditorResources/EmptyActor.uexp" 330
"../../../Engine/Content/EditorResources/BSPVertex.uasset" 331
"../../../Engine/Content/EditorResources/BSPVertex.uexp" 332
"../../../Engine/Content/EditorResources/SequenceRecorder/RecordingIndicator.uasset" 333
"../../../Engine/Content/EditorResources/SequenceRecorder/RecordingIndicator.uexp" 334
"../../../Engine/Content/EditorResources/SequenceRecorder/Countdown.uasset" 335
"../../../Engine/Content/EditorResources/SequenceRecorder/Countdown.uexp" 336
"../../../Engine/Content/EngineDamageTypes/DmgTypeBP_Environmental.uasset" 337
"../../../Engine/Content/EngineDamageTypes/DmgTypeBP_Environmental.uexp" 338
"../../../Engine/Content/Functions/Engine_MaterialFunctions02/Utility/CameraDirectionVector.uasset" 339
"../../../Engine/Content/Functions/Engine_MaterialFunctions02/Utility/CameraDirectionVector.uexp" 340
"../../../Engine/Content/EngineDebugMaterials/VolumeToRender.uasset" 341
"../../../Engine/Content/EngineDebugMaterials/VolumeToRender.uexp" 342
"../../../Engine/Content/EngineDebugMaterials/M_VolumeRenderSphereTracePP.uasset" 343
"../../../Engine/Content/EngineDebugMaterials/M_VolumeRenderSphereTracePP.uexp" 344
"../../../Engine/Content/EngineDebugMaterials/M_SimpleUnlitTranslucent.uasset" 345
"../../../Engine/Content/EngineDebugMaterials/M_SimpleUnlitTranslucent.uexp" 346
"../../../Engine/Content/EngineDebugMaterials/DebugMeshMaterial.uasset" 347
"../../../Engine/Content/EngineDebugMaterials/DebugMeshMaterial.uexp" 348
"../../../Engine/Content/EngineDebugMaterials/DebugEditorMaterial.uasset" 349
"../../../Engine/Content/EngineDebugMaterials/DebugEditorMaterial.uexp" 350
"../../../Engine/Content/EngineFonts/Faces/RobotoLight.uexp" 351
"../../../Engine/Content/EngineFonts/Faces/RobotoLight.uasset" 352
"../../../Engine/Content/EngineFonts/Faces/RobotoLight.ufont" 353
"../../../Engine/Content/EngineFonts/Faces/RobotoBold.uexp" 354
"../../../Engine/Content/EngineFonts/Faces/RobotoBold.uasset" 355
"../../../Engine/Content/EngineFonts/Faces/RobotoBold.ufont" 356
"../../../Engine/Content/EngineFonts/Faces/RobotoRegular.uexp" 357
"../../../Engine/Content/EngineFonts/Faces/RobotoRegular.uasset" 358
"../../../Engine/Content/EngineFonts/Faces/RobotoRegular.ufont" 359
"../../../Engine/Content/EngineFonts/Faces/DroidSansFallback.uexp" 360
"../../../Engine/Content/EngineFonts/Faces/DroidSansFallback.uasset" 361
"../../../Engine/Content/EngineFonts/Faces/DroidSansFallback.ufont" 362
"../../../Engine/Content/EngineFonts/Faces/RobotoItalic.uexp" 363
"../../../Engine/Content/EngineFonts/Faces/RobotoItalic.uasset" 364
"../../../Engine/Content/EngineFonts/Faces/RobotoItalic.ufont" 365
"../../../Engine/Content/EngineFonts/Faces/RobotoBoldItalic.uexp" 366
"../../../Engine/Content/EngineFonts/Faces/RobotoBoldItalic.uasset" 367
"../../../Engine/Content/EngineFonts/Faces/RobotoBoldItalic.ufont" 368
"../../../Engine/Content/EngineFonts/Roboto.uasset" 369
"../../../Engine/Content/EngineFonts/Roboto.uexp" 370
"../../../Engine/Content/EngineResources/WhiteSquareTexture.uasset" 371
"../../../Engine/Content/EngineResources/WhiteSquareTexture.uexp" 372
"../../../Engine/Content/EngineMaterials/Widget3DPassThrough.uasset" 373
"../../../Engine/Content/EngineMaterials/Widget3DPassThrough.uexp" 374
"../../../Engine/Content/EngineMaterials/Widget3DPassThrough_Translucent.uasset" 375
"../../../Engine/Content/EngineMaterials/Widget3DPassThrough_Translucent.uexp" 376
"../../../Engine/Content/EngineMaterials/Widget3DPassThrough_Translucent_OneSided.uasset" 377
"../../../Engine/Content/EngineMaterials/Widget3DPassThrough_Translucent_OneSided.uexp" 378
"../../../Engine/Content/EngineMaterials/Widget3DPassThrough_Opaque.uasset" 379
"../../../Engine/Content/EngineMaterials/Widget3DPassThrough_Opaque.uexp" 380
"../../../Engine/Content/EngineMaterials/Widget3DPassThrough_Opaque_OneSided.uasset" 381
"../../../Engine/Content/EngineMaterials/Widget3DPassThrough_Opaque_OneSided.uexp" 382
"../../../Engine/Content/EngineMaterials/Widget3DPassThrough_Masked_OneSided.uasset" 383
"../../../Engine/Content/EngineMaterials/Widget3DPassThrough_Masked_OneSided.uexp" 384
"../../../Engine/Content/EngineMaterials/Widget3DPassThrough_Masked.uasset" 385
"../../../Engine/Content/EngineMaterials/Widget3DPassThrough_Masked.uexp" 386
"../../../Engine/Plugins/Runtime/MeshModelingToolset/Content/Materials/M_DynamicMeshComponentVtxColor.uasset" 387
"../../../Engine/Plugins/Runtime/MeshModelingToolset/Content/Materials/M_DynamicMeshComponentVtxColor.uexp" 388
"../../../Engine/Content/EngineMaterials/STBlueNoise_vec2_128x128x64.uasset" 389
"../../../Engine/Content/EngineMaterials/STBlueNoise_vec2_128x128x64.uexp" 390
"../../../Engine/Content/EngineMaterials/STBlueNoise_scalar_128x128x64.uasset" 391
"../../../Engine/Content/EngineMaterials/STBlueNoise_scalar_128x128x64.uexp" 392
"../../../Engine/Content/EngineMaterials/RemoveSurfaceMaterial.uasset" 393
"../../../Engine/Content/EngineMaterials/RemoveSurfaceMaterial.uexp" 394
"../../../Engine/Content/Functions/Engine_MaterialFunctions02/WorldPositionOffset/CameraOffset.uasset" 395
"../../../Engine/Content/Functions/Engine_MaterialFunctions02/WorldPositionOffset/CameraOffset.uexp" 396
"../../../Engine/Content/EngineMaterials/PhAT_JointLimitMaterial.uasset" 397
"../../../Engine/Content/EngineMaterials/PhAT_JointLimitMaterial.uexp" 398
"../../../Engine/Content/EngineMaterials/InvalidLightmapSettings.ubulk" 399
"../../../Engine/Content/EngineMaterials/InvalidLightmapSettings.uasset" 400
"../../../Engine/Content/EngineMaterials/InvalidLightmapSettings.uexp" 401
"../../../Engine/Content/EngineMaterials/M_InvalidLightmapSettings.uasset" 402
"../../../Engine/Content/EngineMaterials/M_InvalidLightmapSettings.uexp" 403
"../../../Engine/Plugins/Interchange/Runtime/Content/gltf/Textures/T_Gray_Linear.uasset" 404
"../../../Engine/Plugins/Interchange/Runtime/Content/gltf/Textures/T_Gray_Linear.uexp" 405
"../../../Engine/Plugins/Interchange/Runtime/Content/Materials/MapOrLinearColorFunction.uasset" 406
"../../../Engine/Plugins/Interchange/Runtime/Content/Materials/MapOrLinearColorFunction.uexp" 407
"../../../Engine/Content/EngineMaterials/DefaultNormal.ubulk" 408
"../../../Engine/Content/EngineMaterials/DefaultNormal.uasset" 409
"../../../Engine/Content/EngineMaterials/DefaultNormal.uexp" 410
"../../../Engine/Plugins/Interchange/Runtime/Content/Materials/MapOrScalarFunction.uasset" 411
"../../../Engine/Plugins/Interchange/Runtime/Content/Materials/MapOrScalarFunction.uexp" 412
"../../../Engine/Plugins/Interchange/Runtime/Content/Materials/MapOrColorFunction.uasset" 413
"../../../Engine/Plugins/Interchange/Runtime/Content/Materials/MapOrColorFunction.uexp" 414
"../../../Engine/Content/EngineMaterials/BaseFlattenLinearColor.uasset" 415
"../../../Engine/Content/EngineMaterials/BaseFlattenLinearColor.uexp" 416
"../../../Engine/Plugins/Interchange/Runtime/Content/Materials/CommonMaterial.uasset" 417
"../../../Engine/Plugins/Interchange/Runtime/Content/Materials/CommonMaterial.uexp" 418
"../../../Engine/Plugins/Interchange/Runtime/Content/Materials/PBRSurfaceFunction.uasset" 419
"../../../Engine/Plugins/Interchange/Runtime/Content/Materials/PBRSurfaceFunction.uexp" 420
"../../../Engine/Plugins/Interchange/Runtime/Content/Materials/ClearCoatMaterial.uasset" 421
"../../../Engine/Plugins/Interchange/Runtime/Content/Materials/ClearCoatMaterial.uexp" 422
"../../../Engine/Plugins/Interchange/Runtime/Content/Materials/UnlitMaterial.uasset" 423
"../../../Engine/Plugins/Interchange/Runtime/Content/Materials/UnlitMaterial.uexp" 424
"../../../Engine/Content/EngineMaterials/GizmoMaterial.uasset" 425
"../../../Engine/Content/EngineMaterials/GizmoMaterial.uexp" 426
"../../../Engine/Content/EngineMaterials/BaseFlattenEmissiveMap_VT.uasset" 427
"../../../Engine/Content/EngineMaterials/BaseFlattenEmissiveMap_VT.uexp" 428
"../../../Engine/Content/EngineMaterials/BaseFlattenGrayscaleMap_VT.uasset" 429
"../../../Engine/Content/EngineMaterials/BaseFlattenGrayscaleMap_VT.uexp" 430
"../../../Engine/Content/EngineMaterials/BaseFlattenLinearColor_VT.uasset" 431
"../../../Engine/Content/EngineMaterials/BaseFlattenLinearColor_VT.uexp" 432
"../../../Engine/Content/EngineMaterials/Black_1x1_EXR_Texture_VT.uasset" 433
"../../../Engine/Content/EngineMaterials/Black_1x1_EXR_Texture_VT.uexp" 434
"../../../Engine/Content/EngineMaterials/BaseFlattenDiffuseMap_VT.uasset" 435
"../../../Engine/Content/EngineMaterials/BaseFlattenDiffuseMap_VT.uexp" 436
"../../../Engine/Content/EngineMaterials/BaseFlattenNormalMap_VT.uasset" 437
"../../../Engine/Content/EngineMaterials/BaseFlattenNormalMap_VT.uexp" 438
"../../../Engine/Content/EngineMaterials/FlattenMaterial_WS_Normal_VT.uasset" 439
"../../../Engine/Content/EngineMaterials/FlattenMaterial_WS_Normal_VT.uexp" 440
"../../../Engine/Content/EngineMaterials/FlattenMaterial_VT.uasset" 441
"../../../Engine/Content/EngineMaterials/FlattenMaterial_VT.uexp" 442
"../../../Engine/Content/EngineMaterials/BaseFlattenNormalMap.uasset" 443
"../../../Engine/Content/EngineMaterials/BaseFlattenNormalMap.uexp" 444
"../../../Engine/Content/EngineMaterials/BaseFlattenGrayscaleMap.uasset" 445
"../../../Engine/Content/EngineMaterials/BaseFlattenGrayscaleMap.uexp" 446
"../../../Engine/Content/EngineMaterials/BaseFlattenDiffuseMap.uasset" 447
"../../../Engine/Content/EngineMaterials/BaseFlattenDiffuseMap.uexp" 448
"../../../Engine/Content/Functions/Engine_MaterialFunctions02/PivotPainter2/Black_1x1_EXR_Texture.uasset" 449
"../../../Engine/Content/Functions/Engine_MaterialFunctions02/PivotPainter2/Black_1x1_EXR_Texture.uexp" 450
"../../../Engine/Content/EngineMaterials/BaseFlattenEmissiveMap.uasset" 451
"../../../Engine/Content/EngineMaterials/BaseFlattenEmissiveMap.uexp" 452
"../../../Engine/Content/EngineMaterials/FlattenMaterial.uasset" 453
"../../../Engine/Content/EngineMaterials/FlattenMaterial.uexp" 454
"../../../Engine/Content/EngineMaterials/DefaultWhiteGrid_Low.uasset" 455
"../../../Engine/Content/EngineMaterials/DefaultWhiteGrid_Low.uexp" 456
"../../../Engine/Content/EngineMaterials/EmissiveMeshMaterial.uasset" 457
"../../../Engine/Content/EngineMaterials/EmissiveMeshMaterial.uexp" 458
"../../../Engine/Plugins/Interchange/Runtime/Content/Pipelines/DefaultTexturePipeline.uasset" 459
"../../../Engine/Plugins/Interchange/Runtime/Content/Pipelines/DefaultTexturePipeline.uexp" 460
"../../../Engine/Content/EngineFonts/RobotoDistanceField.uasset" 461
"../../../Engine/Content/EngineFonts/RobotoDistanceField.uexp" 462
"../../../Engine/Content/EngineMaterials/DefaultTextMaterialOpaque.uasset" 463
"../../../Engine/Content/EngineMaterials/DefaultTextMaterialOpaque.uexp" 464
"../../../Engine/Content/EngineMaterials/DefaultDiffuse.ubulk" 465
"../../../Engine/Content/EngineMaterials/DefaultDiffuse.uasset" 466
"../../../Engine/Content/EngineMaterials/DefaultDiffuse.uexp" 467
"../../../Engine/Content/Functions/Engine_MaterialFunctions02/Utility/BreakOutFloat2Components.uasset" 468
"../../../Engine/Content/Functions/Engine_MaterialFunctions02/Utility/BreakOutFloat2Components.uexp" 469
"../../../Engine/Content/EngineMaterials/DefaultPostProcessMaterial.uasset" 470
"../../../Engine/Content/EngineMaterials/DefaultPostProcessMaterial.uexp" 471
"../../../Engine/Content/EngineMaterials/DefaultPhysicalMaterial.uasset" 472
"../../../Engine/Content/EngineMaterials/DefaultPhysicalMaterial.uexp" 473
"../../../Engine/Content/EngineMaterials/DefaultLightFunctionMaterial.uasset" 474
"../../../Engine/Content/EngineMaterials/DefaultLightFunctionMaterial.uexp" 475
"../../../Engine/Content/EngineMaterials/DefaultDestructiblePhysicalMaterial.uasset" 476
"../../../Engine/Content/EngineMaterials/DefaultDestructiblePhysicalMaterial.uexp" 477
"../../../Engine/Content/EngineMaterials/DefaultDeferredDecalMaterial.uasset" 478
"../../../Engine/Content/EngineMaterials/DefaultDeferredDecalMaterial.uexp" 479
"../../../Engine/Plugins/Interchange/Runtime/Content/gltf/Textures/T_Black_srgb.uasset" 480
"../../../Engine/Plugins/Interchange/Runtime/Content/gltf/Textures/T_Black_srgb.uexp" 481
"../../../Engine/Content/EngineMaterials/DefaultBloomKernel.uasset" 482
"../../../Engine/Content/EngineMaterials/DefaultBloomKernel.uexp" 483
"../../../Engine/Plugins/Interchange/Runtime/Content/Materials/ThinTranslucentMaterial.uasset" 484
"../../../Engine/Plugins/Interchange/Runtime/Content/Materials/ThinTranslucentMaterial.uexp" 485
"../../../Engine/Plugins/Interchange/Runtime/Content/Materials/SubsurfaceMaterial.uasset" 486
"../../../Engine/Plugins/Interchange/Runtime/Content/Materials/SubsurfaceMaterial.uexp" 487
"../../../Engine/Plugins/Interchange/Runtime/Content/Materials/SheenMaterial.uasset" 488
"../../../Engine/Plugins/Interchange/Runtime/Content/Materials/SheenMaterial.uexp" 489
"../../../Engine/Content/Functions/Engine_MaterialFunctions01/Shading/ConvertFromDiffSpec.uasset" 490
"../../../Engine/Content/Functions/Engine_MaterialFunctions01/Shading/ConvertFromDiffSpec.uexp" 491
"../../../Engine/Plugins/Interchange/Runtime/Content/Materials/PhongSurfaceMaterial.uasset" 492
"../../../Engine/Plugins/Interchange/Runtime/Content/Materials/PhongSurfaceMaterial.uexp" 493
"../../../Engine/Plugins/Interchange/Runtime/Content/Materials/PBRSurfaceMaterial.uasset" 494
"../../../Engine/Plugins/Interchange/Runtime/Content/Materials/PBRSurfaceMaterial.uexp" 495
"../../../Engine/Plugins/Interchange/Runtime/Content/Materials/LambertSurfaceMaterial.uasset" 496
"../../../Engine/Plugins/Interchange/Runtime/Content/Materials/LambertSurfaceMaterial.uexp" 497
"../../../Engine/Content/EngineResources/FilmGrains/Marcie_Grain_v3_128_M2_000.uasset" 498
"../../../Engine/Content/EngineResources/FilmGrains/Marcie_Grain_v3_128_M2_000.uexp" 499
"../../../Engine/Content/EngineSky/VolumetricClouds/CloudWeatherTexture.uasset" 500
"../../../Engine/Content/EngineSky/VolumetricClouds/CloudWeatherTexture.uexp" 501
"../../../Engine/Content/Functions/Engine_MaterialFunctions02/Utility/MakeFloat2.uasset" 502
"../../../Engine/Content/Functions/Engine_MaterialFunctions02/Utility/MakeFloat2.uexp" 503
"../../../Engine/Content/EngineSky/VolumetricClouds/CloudGradientTexture.uasset" 504
"../../../Engine/Content/EngineSky/VolumetricClouds/CloudGradientTexture.uexp" 505
"../../../Engine/Content/EngineSky/VolumetricClouds/T_NoiseShape64.ubulk" 506
"../../../Engine/Content/EngineSky/VolumetricClouds/T_NoiseShape64.uasset" 507
"../../../Engine/Content/EngineSky/VolumetricClouds/T_NoiseShape64.uexp" 508
"../../../Engine/Content/EngineSky/VolumetricClouds/T_VolumeNoiseShape64.uasset" 509
"../../../Engine/Content/EngineSky/VolumetricClouds/T_VolumeNoiseShape64.uexp" 510
"../../../Engine/Content/EngineSky/VolumetricClouds/T_NoiseErosion.ubulk" 511
"../../../Engine/Content/EngineSky/VolumetricClouds/T_NoiseErosion.uasset" 512
"../../../Engine/Content/EngineSky/VolumetricClouds/T_NoiseErosion.uexp" 513
"../../../Engine/Content/EngineSky/VolumetricClouds/T_VolumeNoiseErosion32.uasset" 514
"../../../Engine/Content/EngineSky/VolumetricClouds/T_VolumeNoiseErosion32.uexp" 515
"../../../Engine/Content/EngineSky/VolumetricClouds/m_SimpleVolumetricCloud.uasset" 516
"../../../Engine/Content/EngineSky/VolumetricClouds/m_SimpleVolumetricCloud.uexp" 517
"../../../Engine/Content/EngineSky/VolumetricClouds/m_SimpleVolumetricCloud_Inst.uasset" 518
"../../../Engine/Content/EngineSky/VolumetricClouds/m_SimpleVolumetricCloud_Inst.uexp" 519
"../../../Engine/Content/EngineSounds/Master.uasset" 520
"../../../Engine/Content/EngineSounds/Master.uexp" 521
"../../../Engine/Content/Functions/Engine_MaterialFunctions01/Shading/PowerToRoughness.uasset" 522
"../../../Engine/Content/Functions/Engine_MaterialFunctions01/Shading/PowerToRoughness.uexp" 523
"../../../Engine/Content/EngineMaterials/FlatNormal.uasset" 524
"../../../Engine/Content/EngineMaterials/FlatNormal.uexp" 525
"../../../Engine/Plugins/Interchange/Runtime/Content/Functions/MF_OrenNayerView.uasset" 526
"../../../Engine/Plugins/Interchange/Runtime/Content/Functions/MF_OrenNayerView.uexp" 527
"../../../Engine/Content/EditorLandscapeResources/WhiteSquareTexture.uasset" 528
"../../../Engine/Content/EditorLandscapeResources/WhiteSquareTexture.uexp" 529
"../../../Engine/Plugins/Interchange/Runtime/Content/Functions/MF_SchlickApprox.uasset" 530
"../../../Engine/Plugins/Interchange/Runtime/Content/Functions/MF_SchlickApprox.uexp" 531
"../../../Engine/Plugins/Interchange/Runtime/Content/Utilities/New_LUT.uasset" 532
"../../../Engine/Plugins/Interchange/Runtime/Content/Utilities/New_LUT.uexp" 533
"../../../Engine/Content/Functions/Engine_MaterialFunctions03/Math/RemapValueRange.uasset" 534
"../../../Engine/Content/Functions/Engine_MaterialFunctions03/Math/RemapValueRange.uexp" 535
"../../../Engine/Plugins/Interchange/Runtime/Content/Functions/MF_Iridescence.uasset" 536
"../../../Engine/Plugins/Interchange/Runtime/Content/Functions/MF_Iridescence.uexp" 537
"../../../Engine/Plugins/Interchange/Runtime/Content/Materials/OrenNayerMaterial.uasset" 538
"../../../Engine/Plugins/Interchange/Runtime/Content/Materials/OrenNayerMaterial.uexp" 539
"../../../Engine/Plugins/2D/Paper2D/Content/OpaqueUnlitSpriteMaterial.uasset" 540
"../../../Engine/Plugins/2D/Paper2D/Content/OpaqueUnlitSpriteMaterial.uexp" 541
"../../../Engine/Plugins/2D/Paper2D/Content/MaskedUnlitSpriteMaterial.uasset" 542
"../../../Engine/Plugins/2D/Paper2D/Content/MaskedUnlitSpriteMaterial.uexp" 543
"../../../Engine/Plugins/2D/Paper2D/Content/DummySprite.uasset" 544
"../../../Engine/Plugins/2D/Paper2D/Content/DummySprite.uexp" 545
"../../../Engine/Plugins/2D/Paper2D/Content/DefaultPaperTerrainMaterial.uasset" 546
"../../../Engine/Plugins/2D/Paper2D/Content/DefaultPaperTerrainMaterial.uexp" 547
"../../../Engine/Plugins/Interchange/Runtime/Content/Pipelines/DefaultAssetsPipeline.uasset" 548
"../../../Engine/Plugins/Interchange/Runtime/Content/Pipelines/DefaultAssetsPipeline.uexp" 549
"../../../Engine/Plugins/Animation/ControlRig/Content/M_Manip.uasset" 550
"../../../Engine/Plugins/Animation/ControlRig/Content/M_Manip.uexp" 551
"../../../Engine/Plugins/Animation/ControlRig/Content/Controls/DefaultGizmoLibraryNormalized.uasset" 552
"../../../Engine/Plugins/Animation/ControlRig/Content/Controls/DefaultGizmoLibraryNormalized.uexp" 553
"../../../Engine/Plugins/Animation/ControlRig/Content/Controls/ControlRig_Wedge_solid.uasset" 554
"../../../Engine/Plugins/Animation/ControlRig/Content/Controls/ControlRig_Wedge_solid.uexp" 555
"../../../Engine/Plugins/Animation/ControlRig/Content/Controls/ControlRig_Wedge_3mm.uasset" 556
"../../../Engine/Plugins/Animation/ControlRig/Content/Controls/ControlRig_Wedge_3mm.uexp" 557
"../../../Engine/Plugins/Animation/ControlRig/Content/Controls/ControlRig_Wedge_1mm.uasset" 558
"../../../Engine/Plugins/Animation/ControlRig/Content/Controls/ControlRig_Wedge_1mm.uexp" 559
"../../../Engine/Plugins/Animation/ControlRig/Content/Controls/ControlRig_Triangle_solid.uasset" 560
"../../../Engine/Plugins/Animation/ControlRig/Content/Controls/ControlRig_Triangle_solid.uexp" 561
"../../../Engine/Plugins/Animation/ControlRig/Content/Controls/ControlRig_Triangle_3mm.uasset" 562
"../../../Engine/Plugins/Animation/ControlRig/Content/Controls/ControlRig_Triangle_3mm.uexp" 563
"../../../Engine/Plugins/Animation/ControlRig/Content/Controls/ControlRig_Triangle_1mm.uasset" 564
"../../../Engine/Plugins/Animation/ControlRig/Content/Controls/ControlRig_Triangle_1mm.uexp" 565
"../../../Engine/Plugins/Animation/ControlRig/Content/Controls/ControlRig_Star4_solid.uasset" 566
"../../../Engine/Plugins/Animation/ControlRig/Content/Controls/ControlRig_Star4_solid.uexp" 567
"../../../Engine/Plugins/Animation/ControlRig/Content/Controls/ControlRig_Star4_3mm.uasset" 568
"../../../Engine/Plugins/Animation/ControlRig/Content/Controls/ControlRig_Star4_3mm.uexp" 569
"../../../Engine/Plugins/Animation/ControlRig/Content/Controls/ControlRig_Star4_1mm.uasset" 570
"../../../Engine/Plugins/Animation/ControlRig/Content/Controls/ControlRig_Star4_1mm.uexp" 571
"../../../Engine/Plugins/Animation/ControlRig/Content/Controls/ControlRig_Square_solid.uasset" 572
"../../../Engine/Plugins/Animation/ControlRig/Content/Controls/ControlRig_Square_solid.uexp" 573
"../../../Engine/Plugins/Animation/ControlRig/Content/Controls/ControlRig_Square_3mm.uasset" 574
"../../../Engine/Plugins/Animation/ControlRig/Content/Controls/ControlRig_Square_3mm.uexp" 575
"../../../Engine/Plugins/Animation/ControlRig/Content/Controls/ControlRig_Square_1mm.uasset" 576
"../../../Engine/Plugins/Animation/ControlRig/Content/Controls/ControlRig_Square_1mm.uexp" 577
"../../../Engine/Plugins/Animation/ControlRig/Content/Controls/ControlRig_Sphere_solid.uasset" 578
"../../../Engine/Plugins/Animation/ControlRig/Content/Controls/ControlRig_Sphere_solid.uexp" 579
"../../../Engine/Plugins/Animation/ControlRig/Content/Controls/ControlRig_Sphere_3mm.uasset" 580
"../../../Engine/Plugins/Animation/ControlRig/Content/Controls/ControlRig_Sphere_3mm.uexp" 581
"../../../Engine/Plugins/Animation/ControlRig/Content/Controls/ControlRig_Sphere_1mm.uasset" 582
"../../../Engine/Plugins/Animation/ControlRig/Content/Controls/ControlRig_Sphere_1mm.uexp" 583
"../../../Engine/Plugins/Animation/ControlRig/Content/Controls/ControlRig_RoundedTriangle_solid.uasset" 584
"../../../Engine/Plugins/Animation/ControlRig/Content/Controls/ControlRig_RoundedTriangle_solid.uexp" 585
"../../../Engine/Plugins/Animation/ControlRig/Content/Controls/ControlRig_RoundedTriangle_3mm.uasset" 586
"../../../Engine/Plugins/Animation/ControlRig/Content/Controls/ControlRig_RoundedTriangle_3mm.uexp" 587
"../../../Engine/Plugins/Animation/ControlRig/Content/Controls/ControlRig_RoundedTriangle_1mm.uasset" 588
"../../../Engine/Plugins/Animation/ControlRig/Content/Controls/ControlRig_RoundedTriangle_1mm.uexp" 589
"../../../Engine/Plugins/Animation/ControlRig/Content/Controls/ControlRig_RoundedSquare_solid.uasset" 590
"../../../Engine/Plugins/Animation/ControlRig/Content/Controls/ControlRig_RoundedSquare_solid.uexp" 591
"../../../Engine/Plugins/Animation/ControlRig/Content/Controls/ControlRig_RoundedSquare_3mm.uasset" 592
"../../../Engine/Plugins/Animation/ControlRig/Content/Controls/ControlRig_RoundedSquare_3mm.uexp" 593
"../../../Engine/Plugins/Animation/ControlRig/Content/Controls/ControlRig_RoundedSquare_1mm.uasset" 594
"../../../Engine/Plugins/Animation/ControlRig/Content/Controls/ControlRig_RoundedSquare_1mm.uexp" 595
"../../../Engine/Plugins/Animation/ControlRig/Content/Controls/ControlRig_QuarterCircle_solid.uasset" 596
"../../../Engine/Plugins/Animation/ControlRig/Content/Controls/ControlRig_QuarterCircle_solid.uexp" 597
"../../../Engine/Plugins/Animation/ControlRig/Content/Controls/ControlRig_QuarterCircle_3mm.uasset" 598
"../../../Engine/Plugins/Animation/ControlRig/Content/Controls/ControlRig_QuarterCircle_3mm.uexp" 599
"../../../Engine/Plugins/Animation/ControlRig/Content/Controls/ControlRig_QuarterCircle_1mm.uasset" 600
"../../../Engine/Plugins/Animation/ControlRig/Content/Controls/ControlRig_QuarterCircle_1mm.uexp" 601
"../../../Engine/Plugins/Animation/ControlRig/Content/Controls/ControlRig_Pyramid_solid.uasset" 602
"../../../Engine/Plugins/Animation/ControlRig/Content/Controls/ControlRig_Pyramid_solid.uexp" 603
"../../../Engine/Plugins/Animation/ControlRig/Content/Controls/ControlRig_Pyramid_3mm.uasset" 604
"../../../Engine/Plugins/Animation/ControlRig/Content/Controls/ControlRig_Pyramid_3mm.uexp" 605
"../../../Engine/Plugins/Animation/ControlRig/Content/Controls/ControlRig_Pyramid_1mm.uasset" 606
"../../../Engine/Plugins/Animation/ControlRig/Content/Controls/ControlRig_Pyramid_1mm.uexp" 607
"../../../Engine/Plugins/Animation/ControlRig/Content/Controls/ControlRig_Octagon_solid.uasset" 608
"../../../Engine/Plugins/Animation/ControlRig/Content/Controls/ControlRig_Octagon_solid.uexp" 609
"../../../Engine/Plugins/Animation/ControlRig/Content/Controls/ControlRig_Octagon_3mm.uasset" 610
"../../../Engine/Plugins/Animation/ControlRig/Content/Controls/ControlRig_Octagon_3mm.uexp" 611
"../../../Engine/Plugins/Animation/ControlRig/Content/Controls/ControlRig_Octagon_1mm.uasset" 612
"../../../Engine/Plugins/Animation/ControlRig/Content/Controls/ControlRig_Octagon_1mm.uexp" 613
"../../../Engine/Plugins/Animation/ControlRig/Content/Controls/ControlRig_Hexagon_solid.uasset" 614
"../../../Engine/Plugins/Animation/ControlRig/Content/Controls/ControlRig_Hexagon_solid.uexp" 615
"../../../Engine/Plugins/Animation/ControlRig/Content/Controls/ControlRig_Hexagon_3mm.uasset" 616
"../../../Engine/Plugins/Animation/ControlRig/Content/Controls/ControlRig_Hexagon_3mm.uexp" 617
"../../../Engine/Plugins/Animation/ControlRig/Content/Controls/ControlRig_Hexagon_1mm.uasset" 618
"../../../Engine/Plugins/Animation/ControlRig/Content/Controls/ControlRig_Hexagon_1mm.uexp" 619
"../../../Engine/Plugins/Animation/ControlRig/Content/Controls/ControlRig_HalfCircle_solid.uasset" 620
"../../../Engine/Plugins/Animation/ControlRig/Content/Controls/ControlRig_HalfCircle_solid.uexp" 621
"../../../Engine/Plugins/Animation/ControlRig/Content/Controls/ControlRig_HalfCircle_3mm.uasset" 622
"../../../Engine/Plugins/Animation/ControlRig/Content/Controls/ControlRig_HalfCircle_3mm.uexp" 623
"../../../Engine/Plugins/Animation/ControlRig/Content/Controls/ControlRig_HalfCircle_1mm.uasset" 624
"../../../Engine/Plugins/Animation/ControlRig/Content/Controls/ControlRig_HalfCircle_1mm.uexp" 625
"../../../Engine/Plugins/Animation/ControlRig/Content/Controls/ControlRig_Diamond_solid.uasset" 626
"../../../Engine/Plugins/Animation/ControlRig/Content/Controls/ControlRig_Diamond_solid.uexp" 627
"../../../Engine/Plugins/Animation/ControlRig/Content/Controls/ControlRig_Diamond_3mm.uasset" 628
"../../../Engine/Plugins/Animation/ControlRig/Content/Controls/ControlRig_Diamond_3mm.uexp" 629
"../../../Engine/Plugins/Animation/ControlRig/Content/Controls/ControlRig_Diamond_1mm.uasset" 630
"../../../Engine/Plugins/Animation/ControlRig/Content/Controls/ControlRig_Diamond_1mm.uexp" 631
"../../../Engine/Plugins/Animation/ControlRig/Content/Controls/ControlRig_Circle_solid.uasset" 632
"../../../Engine/Plugins/Animation/ControlRig/Content/Controls/ControlRig_Circle_solid.uexp" 633
"../../../Engine/Plugins/Animation/ControlRig/Content/Controls/ControlRig_Circle_3mm.uasset" 634
"../../../Engine/Plugins/Animation/ControlRig/Content/Controls/ControlRig_Circle_3mm.uexp" 635
"../../../Engine/Plugins/Animation/ControlRig/Content/Controls/ControlRig_Circle_1mm.uasset" 636
"../../../Engine/Plugins/Animation/ControlRig/Content/Controls/ControlRig_Circle_1mm.uexp" 637
"../../../Engine/Plugins/Animation/ControlRig/Content/Controls/ControlRig_Box_solid.uasset" 638
"../../../Engine/Plugins/Animation/ControlRig/Content/Controls/ControlRig_Box_solid.uexp" 639
"../../../Engine/Plugins/Animation/ControlRig/Content/Controls/ControlRig_Box_3mm.uasset" 640
"../../../Engine/Plugins/Animation/ControlRig/Content/Controls/ControlRig_Box_3mm.uexp" 641
"../../../Engine/Plugins/Animation/ControlRig/Content/Controls/ControlRig_Box_1mm.uasset" 642
"../../../Engine/Plugins/Animation/ControlRig/Content/Controls/ControlRig_Box_1mm.uexp" 643
"../../../Engine/Plugins/Animation/ControlRig/Content/Controls/ControlRig_Arrow_solid.uasset" 644
"../../../Engine/Plugins/Animation/ControlRig/Content/Controls/ControlRig_Arrow_solid.uexp" 645
"../../../Engine/Plugins/Animation/ControlRig/Content/Controls/ControlRig_Arrow_3mm.uasset" 646
"../../../Engine/Plugins/Animation/ControlRig/Content/Controls/ControlRig_Arrow_3mm.uexp" 647
"../../../Engine/Plugins/Animation/ControlRig/Content/Controls/ControlRig_Arrow_1mm.uasset" 648
"../../../Engine/Plugins/Animation/ControlRig/Content/Controls/ControlRig_Arrow_1mm.uexp" 649
"../../../Engine/Plugins/Animation/ControlRig/Content/Controls/ControlRig_Arrow4_solid.uasset" 650
"../../../Engine/Plugins/Animation/ControlRig/Content/Controls/ControlRig_Arrow4_solid.uexp" 651
"../../../Engine/Plugins/Animation/ControlRig/Content/Controls/ControlRig_Arrow4_3mm.uasset" 652
"../../../Engine/Plugins/Animation/ControlRig/Content/Controls/ControlRig_Arrow4_3mm.uexp" 653
"../../../Engine/Plugins/Animation/ControlRig/Content/Controls/ControlRig_Arrow4_1mm.uasset" 654
"../../../Engine/Plugins/Animation/ControlRig/Content/Controls/ControlRig_Arrow4_1mm.uexp" 655
"../../../Engine/Plugins/Animation/ControlRig/Content/Controls/ControlRig_Arrow2_solid.uasset" 656
"../../../Engine/Plugins/Animation/ControlRig/Content/Controls/ControlRig_Arrow2_solid.uexp" 657
"../../../Engine/Plugins/Animation/ControlRig/Content/Controls/ControlRig_Arrow2_3mm.uasset" 658
"../../../Engine/Plugins/Animation/ControlRig/Content/Controls/ControlRig_Arrow2_3mm.uexp" 659
"../../../Engine/Plugins/Animation/ControlRig/Content/Controls/ControlRig_Arrow2_1mm.uasset" 660
"../../../Engine/Plugins/Animation/ControlRig/Content/Controls/ControlRig_Arrow2_1mm.uexp" 661
"../../../Engine/Plugins/Animation/ControlRig/Content/Controls/ControlRigXRayMaterial.uasset" 662
"../../../Engine/Plugins/Animation/ControlRig/Content/Controls/ControlRigXRayMaterial.uexp" 663
"../../../Engine/Plugins/Animation/ControlRig/Content/Controls/ControlRigGizmoMaterial.uasset" 664
"../../../Engine/Plugins/Animation/ControlRig/Content/Controls/ControlRigGizmoMaterial.uexp" 665
"../../../Engine/Plugins/Editor/SpeedTreeImporter/Content/SpeedTree9/game_wind_noise.ubulk" 666
"../../../Engine/Plugins/Editor/SpeedTreeImporter/Content/SpeedTree9/game_wind_noise.uasset" 667
"../../../Engine/Plugins/Editor/SpeedTreeImporter/Content/SpeedTree9/game_wind_noise.uexp" 668
"../../../Engine/Plugins/Editor/SpeedTreeImporter/Content/SpeedTree9/UnpackDirection.uasset" 669
"../../../Engine/Plugins/Editor/SpeedTreeImporter/Content/SpeedTree9/UnpackDirection.uexp" 670
"../../../Engine/Content/Functions/Engine_MaterialFunctions02/ObjectLocalBounds.uasset" 671
"../../../Engine/Content/Functions/Engine_MaterialFunctions02/ObjectLocalBounds.uexp" 672
"../../../Engine/Content/Functions/Engine_MaterialFunctions02/UVs/BoundingBoxBased_0-1_UVW.uasset" 673
"../../../Engine/Content/Functions/Engine_MaterialFunctions02/UVs/BoundingBoxBased_0-1_UVW.uexp" 674
"../../../Engine/Content/Functions/Engine_MaterialFunctions02/Utility/VectorLength.uasset" 675
"../../../Engine/Content/Functions/Engine_MaterialFunctions02/Utility/VectorLength.uexp" 676
"../../../Engine/Plugins/Editor/SpeedTreeImporter/Content/SpeedTree9/UnpackInteger3.uasset" 677
"../../../Engine/Plugins/Editor/SpeedTreeImporter/Content/SpeedTree9/UnpackInteger3.uexp" 678
"../../../Engine/Plugins/Editor/SpeedTreeImporter/Content/SpeedTree9/SpeedTreeCameraFacing.uasset" 679
"../../../Engine/Plugins/Editor/SpeedTreeImporter/Content/SpeedTree9/SpeedTreeCameraFacing.uexp" 680
"../../../Engine/Content/Functions/Engine_MaterialFunctions02/WorldPositionOffset/ObjectScale.uasset" 681
"../../../Engine/Content/Functions/Engine_MaterialFunctions02/WorldPositionOffset/ObjectScale.uexp" 682
"../../../Engine/Content/Functions/Engine_MaterialFunctions02/SafeNormalize.uasset" 683
"../../../Engine/Content/Functions/Engine_MaterialFunctions02/SafeNormalize.uexp" 684
"../../../Engine/Plugins/Editor/SpeedTreeImporter/Content/SpeedTree9/SpeedTreeWindMotion.uasset" 685
"../../../Engine/Plugins/Editor/SpeedTreeImporter/Content/SpeedTree9/SpeedTreeWindMotion.uexp" 686
"../../../Engine/Plugins/Editor/SpeedTreeImporter/Content/SpeedTree9/SpeedTreeBranchMotion.uasset" 687
"../../../Engine/Plugins/Editor/SpeedTreeImporter/Content/SpeedTree9/SpeedTreeBranchMotion.uexp" 688
"../../../Engine/Plugins/Editor/SpeedTreeImporter/Content/SpeedTree9/SpeedTreeWind.uasset" 689
"../../../Engine/Plugins/Editor/SpeedTreeImporter/Content/SpeedTree9/SpeedTreeWind.uexp" 690
"../../../Engine/Plugins/Editor/SpeedTreeImporter/Content/SpeedTree9/EmptyNormal.uasset" 691
"../../../Engine/Plugins/Editor/SpeedTreeImporter/Content/SpeedTree9/EmptyNormal.uexp" 692
"../../../Engine/Plugins/Editor/SpeedTreeImporter/Content/SpeedTree9/Empty.uasset" 693
"../../../Engine/Plugins/Editor/SpeedTreeImporter/Content/SpeedTree9/Empty.uexp" 694
"../../../Engine/Plugins/Editor/SpeedTreeImporter/Content/SpeedTree9/SpeedTreeMaster.uasset" 695
"../../../Engine/Plugins/Editor/SpeedTreeImporter/Content/SpeedTree9/SpeedTreeMaster.uexp" 696
"../../../Engine/Plugins/Editor/SpeedTreeImporter/Content/SpeedTree9/SpeedTreeBillboard.uasset" 697
"../../../Engine/Plugins/Editor/SpeedTreeImporter/Content/SpeedTree9/SpeedTreeBillboard.uexp" 698
"../../../Engine/Plugins/Editor/SpeedTreeImporter/Content/SpeedTree9/SpeedTreeBillboardMaster.uasset" 699
"../../../Engine/Plugins/Editor/SpeedTreeImporter/Content/SpeedTree9/SpeedTreeBillboardMaster.uexp" 700
"../../../Engine/Plugins/Interchange/Runtime/Content/Pipelines/DefaultSceneAssetsPipeline.uasset" 701
"../../../Engine/Plugins/Interchange/Runtime/Content/Pipelines/DefaultSceneAssetsPipeline.uexp" 702
"../../../Engine/Plugins/Interchange/Runtime/Content/Pipelines/DefaultMaterialPipeline.uasset" 703
"../../../Engine/Plugins/Interchange/Runtime/Content/Pipelines/DefaultMaterialPipeline.uexp" 704
"../../../Engine/Content/Functions/Engine_MaterialFunctions02/Texturing/CustomRotator.uasset" 705
"../../../Engine/Content/Functions/Engine_MaterialFunctions02/Texturing/CustomRotator.uexp" 706
"../../../Engine/Content/Functions/Engine_MaterialFunctions02/Texturing/ScreenAlignedPixelToPixelUVs.uasset" 707
"../../../Engine/Content/Functions/Engine_MaterialFunctions02/Texturing/ScreenAlignedPixelToPixelUVs.uexp" 708
"../../../Engine/Plugins/Interchange/Runtime/Content/Utilities/T_Bayer64_Grayscale_64px.uasset" 709
"../../../Engine/Plugins/Interchange/Runtime/Content/Utilities/T_Bayer64_Grayscale_64px.uexp" 710
"../../../Engine/Plugins/Interchange/Runtime/Content/gltf/MaterialFunctions/MF_Temporal_Blur.uasset" 711
"../../../Engine/Plugins/Interchange/Runtime/Content/gltf/MaterialFunctions/MF_Temporal_Blur.uexp" 712
"../../../Engine/Plugins/Interchange/Runtime/Content/gltf/MaterialFunctions/MF_Fresnel_DS.uasset" 713
"../../../Engine/Plugins/Interchange/Runtime/Content/gltf/MaterialFunctions/MF_Fresnel_DS.uexp" 714
"../../../Engine/Plugins/Interchange/Runtime/Content/Functions/MX_Transmission.uasset" 715
"../../../Engine/Plugins/Interchange/Runtime/Content/Functions/MX_Transmission.uexp" 716
"../../../Engine/Plugins/Interchange/Runtime/Content/Functions/MX_StandardSurface.uasset" 717
"../../../Engine/Plugins/Interchange/Runtime/Content/Functions/MX_StandardSurface.uexp" 718
"../../../Engine/Plugins/Interchange/Runtime/Content/Functions/MX_TransmissionSurface.uasset" 719
"../../../Engine/Plugins/Interchange/Runtime/Content/Functions/MX_TransmissionSurface.uexp" 720
"../../../Engine/Content/Functions/Engine_MaterialFunctions02/Math/AddComponents.uasset" 721
"../../../Engine/Content/Functions/Engine_MaterialFunctions02/Math/AddComponents.uexp" 722
"../../../Engine/Content/Functions/Engine_MaterialFunctions02/WorldPositionOffset/V2/ObjectScale.uasset" 723
"../../../Engine/Content/Functions/Engine_MaterialFunctions02/WorldPositionOffset/V2/ObjectScale.uexp" 724
"../../../Engine/Plugins/Interchange/Runtime/Content/gltf/MaterialFunctions/MF_TransmissionOpacity.uasset" 725
"../../../Engine/Plugins/Interchange/Runtime/Content/gltf/MaterialFunctions/MF_TransmissionOpacity.uexp" 726
"../../../Engine/Plugins/Interchange/Runtime/Content/gltf/MaterialFunctions/MF_RotateV2.uasset" 727
"../../../Engine/Plugins/Interchange/Runtime/Content/gltf/MaterialFunctions/MF_RotateV2.uexp" 728
"../../../Engine/Plugins/Interchange/Runtime/Content/gltf/MaterialFunctions/MF_TransformUVs.uasset" 729
"../../../Engine/Plugins/Interchange/Runtime/Content/gltf/MaterialFunctions/MF_TransformUVs.uexp" 730
"../../../Engine/Plugins/Interchange/Runtime/Content/gltf/Textures/T_White_srgb.uasset" 731
"../../../Engine/Plugins/Interchange/Runtime/Content/gltf/Textures/T_White_srgb.uexp" 732
"../../../Engine/Plugins/Interchange/Runtime/Content/gltf/MaterialFunctions/MF_BaseColor.uasset" 733
"../../../Engine/Plugins/Interchange/Runtime/Content/gltf/MaterialFunctions/MF_BaseColor.uexp" 734
"../../../Engine/Plugins/Interchange/Runtime/Content/gltf/MaterialFunctions/MF_DiffuseSpecGloss.uasset" 735
"../../../Engine/Plugins/Interchange/Runtime/Content/gltf/MaterialFunctions/MF_DiffuseSpecGloss.uexp" 736
"../../../Engine/Plugins/Interchange/Runtime/Content/gltf/Textures/T_White_Linear.uasset" 737
"../../../Engine/Plugins/Interchange/Runtime/Content/gltf/Textures/T_White_Linear.uexp" 738
"../../../Engine/Plugins/Interchange/Runtime/Content/gltf/MaterialFunctions/MF_MetallicRoughness.uasset" 739
"../../../Engine/Plugins/Interchange/Runtime/Content/gltf/MaterialFunctions/MF_MetallicRoughness.uexp" 740
"../../../Engine/Plugins/Interchange/Runtime/Content/gltf/MaterialFunctions/MF_Transmission.uasset" 741
"../../../Engine/Plugins/Interchange/Runtime/Content/gltf/MaterialFunctions/MF_Transmission.uexp" 742
"../../../Engine/Plugins/Interchange/Runtime/Content/gltf/MaterialFunctions/MF_Occlusion.uasset" 743
"../../../Engine/Plugins/Interchange/Runtime/Content/gltf/MaterialFunctions/MF_Occlusion.uexp" 744
"../../../Engine/Plugins/Interchange/Runtime/Content/gltf/MaterialFunctions/MF_Specular.uasset" 745
"../../../Engine/Plugins/Interchange/Runtime/Content/gltf/MaterialFunctions/MF_Specular.uexp" 746
"../../../Engine/Plugins/Interchange/Runtime/Content/gltf/MaterialFunctions/MF_IOR.uasset" 747
"../../../Engine/Plugins/Interchange/Runtime/Content/gltf/MaterialFunctions/MF_IOR.uexp" 748
"../../../Engine/Content/Functions/Engine_MaterialFunctions01/Texturing/FlattenNormal.uasset" 749
"../../../Engine/Content/Functions/Engine_MaterialFunctions01/Texturing/FlattenNormal.uexp" 750
"../../../Engine/Content/Functions/Engine_MaterialFunctions02/Math/Transform3x3Matrix.uasset" 751
"../../../Engine/Content/Functions/Engine_MaterialFunctions02/Math/Transform3x3Matrix.uexp" 752
"../../../Engine/Plugins/Interchange/Runtime/Content/gltf/MaterialFunctions/MF_RotateNormals_TS.uasset" 753
"../../../Engine/Plugins/Interchange/Runtime/Content/gltf/MaterialFunctions/MF_RotateNormals_TS.uexp" 754
"../../../Engine/Plugins/Interchange/Runtime/Content/gltf/Textures/T_Generic_N.uasset" 755
"../../../Engine/Plugins/Interchange/Runtime/Content/gltf/Textures/T_Generic_N.uexp" 756
"../../../Engine/Plugins/Interchange/Runtime/Content/gltf/MaterialFunctions/MF_Normals.uasset" 757
"../../../Engine/Plugins/Interchange/Runtime/Content/gltf/MaterialFunctions/MF_Normals.uexp" 758
"../../../Engine/Plugins/Interchange/Runtime/Content/gltf/MaterialFunctions/MF_PerceivedBrightness.uasset" 759
"../../../Engine/Plugins/Interchange/Runtime/Content/gltf/MaterialFunctions/MF_PerceivedBrightness.uexp" 760
"../../../Engine/Plugins/Interchange/Runtime/Content/gltf/MaterialFunctions/MF_SpecGlossToMetalRoughness.uasset" 761
"../../../Engine/Plugins/Interchange/Runtime/Content/gltf/MaterialFunctions/MF_SpecGlossToMetalRoughness.uexp" 762
"../../../Engine/Plugins/Interchange/Runtime/Content/gltf/M_Transmission.uasset" 763
"../../../Engine/Plugins/Interchange/Runtime/Content/gltf/M_Transmission.uexp" 764
"../../../Engine/Plugins/Interchange/Runtime/Content/gltf/MaterialInstances_MR/MI_Transmission_TS.uasset" 765
"../../../Engine/Plugins/Interchange/Runtime/Content/gltf/MaterialInstances_MR/MI_Transmission_TS.uexp" 766
"../../../Engine/Plugins/Interchange/Runtime/Content/gltf/MaterialInstances_MR/MI_Transmission.uasset" 767
"../../../Engine/Plugins/Interchange/Runtime/Content/gltf/MaterialInstances_MR/MI_Transmission.uexp" 768
"../../../Engine/Plugins/Interchange/Runtime/Content/gltf/MaterialFunctions/MF_Clearcoat.uasset" 769
"../../../Engine/Plugins/Interchange/Runtime/Content/gltf/MaterialFunctions/MF_Clearcoat.uexp" 770
"../../../Engine/Plugins/Interchange/Runtime/Content/gltf/MaterialFunctions/MF_Emissive.uasset" 771
"../../../Engine/Plugins/Interchange/Runtime/Content/gltf/MaterialFunctions/MF_Emissive.uexp" 772
"../../../Engine/Plugins/Interchange/Runtime/Content/gltf/M_Translucent.uasset" 773
"../../../Engine/Plugins/Interchange/Runtime/Content/gltf/M_Translucent.uexp" 774
"../../../Engine/Plugins/Interchange/Runtime/Content/gltf/MaterialInstances_MR/MI_Translucent_TS.uasset" 775
"../../../Engine/Plugins/Interchange/Runtime/Content/gltf/MaterialInstances_MR/MI_Translucent_TS.uexp" 776
"../../../Engine/Plugins/Interchange/Runtime/Content/gltf/MaterialInstances_MR/MI_Translucent_ClearCoat_TS.uasset" 777
"../../../Engine/Plugins/Interchange/Runtime/Content/gltf/MaterialInstances_MR/MI_Translucent_ClearCoat_TS.uexp" 778
"../../../Engine/Plugins/Interchange/Runtime/Content/gltf/MaterialInstances_MR/MI_Translucent_ClearCoat.uasset" 779
"../../../Engine/Plugins/Interchange/Runtime/Content/gltf/MaterialInstances_MR/MI_Translucent_ClearCoat.uexp" 780
"../../../Engine/Plugins/Interchange/Runtime/Content/gltf/MaterialInstances_MR/MI_Translucent.uasset" 781
"../../../Engine/Plugins/Interchange/Runtime/Content/gltf/MaterialInstances_MR/MI_Translucent.uexp" 782
"../../../Engine/Plugins/Interchange/Runtime/Content/gltf/M_Unlit.uasset" 783
"../../../Engine/Plugins/Interchange/Runtime/Content/gltf/M_Unlit.uexp" 784
"../../../Engine/Plugins/Interchange/Runtime/Content/gltf/MaterialInstances_MR/MI_Opaque_Unlit_TS.uasset" 785
"../../../Engine/Plugins/Interchange/Runtime/Content/gltf/MaterialInstances_MR/MI_Opaque_Unlit_TS.uexp" 786
"../../../Engine/Plugins/Interchange/Runtime/Content/gltf/MaterialInstances_MR/MI_Opaque_Unlit.uasset" 787
"../../../Engine/Plugins/Interchange/Runtime/Content/gltf/MaterialInstances_MR/MI_Opaque_Unlit.uexp" 788
"../../../Engine/Plugins/Interchange/Runtime/Content/gltf/M_Opaque.uasset" 789
"../../../Engine/Plugins/Interchange/Runtime/Content/gltf/M_Opaque.uexp" 790
"../../../Engine/Plugins/Interchange/Runtime/Content/gltf/MaterialInstances_MR/MI_Opaque_TS.uasset" 791
"../../../Engine/Plugins/Interchange/Runtime/Content/gltf/MaterialInstances_MR/MI_Opaque_TS.uexp" 792
"../../../Engine/Plugins/Interchange/Runtime/Content/gltf/MaterialFunctions/MF_Sheen.uasset" 793
"../../../Engine/Plugins/Interchange/Runtime/Content/gltf/MaterialFunctions/MF_Sheen.uexp" 794
"../../../Engine/Content/Functions/Engine_MaterialFunctions01/Shading/FuzzyShading.uasset" 795
"../../../Engine/Content/Functions/Engine_MaterialFunctions01/Shading/FuzzyShading.uexp" 796
"../../../Engine/Plugins/Interchange/Runtime/Content/gltf/M_Sheen.uasset" 797
"../../../Engine/Plugins/Interchange/Runtime/Content/gltf/M_Sheen.uexp" 798
"../../../Engine/Plugins/Interchange/Runtime/Content/gltf/MaterialInstances_MR/MI_Opaque_Sheen_TS.uasset" 799
"../../../Engine/Plugins/Interchange/Runtime/Content/gltf/MaterialInstances_MR/MI_Opaque_Sheen_TS.uexp" 800
"../../../Engine/Plugins/Interchange/Runtime/Content/gltf/MaterialInstances_MR/MI_Opaque_Sheen.uasset" 801
"../../../Engine/Plugins/Interchange/Runtime/Content/gltf/MaterialInstances_MR/MI_Opaque_Sheen.uexp" 802
"../../../Engine/Plugins/Interchange/Runtime/Content/gltf/MaterialInstances_MR/MI_Opaque_ClearCoat_TS.uasset" 803
"../../../Engine/Plugins/Interchange/Runtime/Content/gltf/MaterialInstances_MR/MI_Opaque_ClearCoat_TS.uexp" 804
"../../../Engine/Plugins/Interchange/Runtime/Content/gltf/MaterialInstances_MR/MI_Opaque_ClearCoat.uasset" 805
"../../../Engine/Plugins/Interchange/Runtime/Content/gltf/MaterialInstances_MR/MI_Opaque_ClearCoat.uexp" 806
"../../../Engine/Plugins/Interchange/Runtime/Content/gltf/MaterialInstances_MR/MI_Opaque.uasset" 807
"../../../Engine/Plugins/Interchange/Runtime/Content/gltf/MaterialInstances_MR/MI_Opaque.uexp" 808
"../../../Engine/Plugins/Interchange/Runtime/Content/gltf/MaterialInstances_SG/MI_Transmission_TS.uasset" 809
"../../../Engine/Plugins/Interchange/Runtime/Content/gltf/MaterialInstances_SG/MI_Transmission_TS.uexp" 810
"../../../Engine/Plugins/Interchange/Runtime/Content/gltf/MaterialInstances_SG/MI_Transmission.uasset" 811
"../../../Engine/Plugins/Interchange/Runtime/Content/gltf/MaterialInstances_SG/MI_Transmission.uexp" 812
"../../../Engine/Plugins/Interchange/Runtime/Content/gltf/MaterialInstances_SG/MI_Translucent_TS.uasset" 813
"../../../Engine/Plugins/Interchange/Runtime/Content/gltf/MaterialInstances_SG/MI_Translucent_TS.uexp" 814
"../../../Engine/Plugins/Interchange/Runtime/Content/gltf/MaterialInstances_SG/MI_Translucent_ClearCoat_TS.uasset" 815
"../../../Engine/Plugins/Interchange/Runtime/Content/gltf/MaterialInstances_SG/MI_Translucent_ClearCoat_TS.uexp" 816
"../../../Engine/Plugins/Interchange/Runtime/Content/gltf/MaterialInstances_SG/MI_Translucent_ClearCoat.uasset" 817
"../../../Engine/Plugins/Interchange/Runtime/Content/gltf/MaterialInstances_SG/MI_Translucent_ClearCoat.uexp" 818
"../../../Engine/Plugins/Interchange/Runtime/Content/gltf/MaterialInstances_SG/MI_Translucent.uasset" 819
"../../../Engine/Plugins/Interchange/Runtime/Content/gltf/MaterialInstances_SG/MI_Translucent.uexp" 820
"../../../Engine/Plugins/Interchange/Runtime/Content/gltf/MaterialInstances_SG/MI_Opaque_TS.uasset" 821
"../../../Engine/Plugins/Interchange/Runtime/Content/gltf/MaterialInstances_SG/MI_Opaque_TS.uexp" 822
"../../../Engine/Plugins/Interchange/Runtime/Content/gltf/MaterialInstances_SG/MI_Opaque_Sheen_TS.uasset" 823
"../../../Engine/Plugins/Interchange/Runtime/Content/gltf/MaterialInstances_SG/MI_Opaque_Sheen_TS.uexp" 824
"../../../Engine/Plugins/Interchange/Runtime/Content/gltf/MaterialInstances_SG/MI_Opaque_Sheen.uasset" 825
"../../../Engine/Plugins/Interchange/Runtime/Content/gltf/MaterialInstances_SG/MI_Opaque_Sheen.uexp" 826
"../../../Engine/Plugins/Interchange/Runtime/Content/gltf/MaterialInstances_SG/MI_Opaque_ClearCoat_TS.uasset" 827
"../../../Engine/Plugins/Interchange/Runtime/Content/gltf/MaterialInstances_SG/MI_Opaque_ClearCoat_TS.uexp" 828
"../../../Engine/Plugins/Interchange/Runtime/Content/gltf/MaterialInstances_SG/MI_Opaque_ClearCoat.uasset" 829
"../../../Engine/Plugins/Interchange/Runtime/Content/gltf/MaterialInstances_SG/MI_Opaque_ClearCoat.uexp" 830
"../../../Engine/Plugins/Interchange/Runtime/Content/gltf/MaterialInstances_SG/MI_Opaque.uasset" 831
"../../../Engine/Plugins/Interchange/Runtime/Content/gltf/MaterialInstances_SG/MI_Opaque.uexp" 832
"../../../Engine/Content/BasicShapes/Cube.uasset" 833
"../../../Engine/Content/BasicShapes/Cube.uexp" 834
"D:/ue4/Golf_Revived/Content/props/rampB.uasset" 835
"D:/ue4/Golf_Revived/Content/props/rampB.uexp" 836
"D:/ue4/Golf_Revived/Content/Main_Menu.uexp" 837
"D:/ue4/Golf_Revived/Content/Main_Menu.umap" 838
"../../../Engine/Content/BasicShapes/Plane.uasset" 839
"../../../Engine/Content/BasicShapes/Plane.uexp" 840
"D:/ue4/Golf_Revived/Content/props/rampA.uasset" 841
"D:/ue4/Golf_Revived/Content/props/rampA.uexp" 842
"D:/ue4/Golf_Revived/Content/props/roundCornerA.uasset" 843
"D:/ue4/Golf_Revived/Content/props/roundCornerA.uexp" 844
"D:/ue4/Golf_Revived/Content/props/end.uasset" 845
"D:/ue4/Golf_Revived/Content/props/end.uexp" 846
"D:/ue4/Golf_Revived/Content/props/holeSquare.uasset" 847
"D:/ue4/Golf_Revived/Content/props/holeSquare.uexp" 848
"../../../Engine/Content/Functions/Engine_MaterialFunctions01/ImageAdjustment/BlurSampleOffsets.uasset" 849
"../../../Engine/Content/Functions/Engine_MaterialFunctions01/ImageAdjustment/BlurSampleOffsets.uexp" 850
"../../../Engine/Content/Functions/Engine_MaterialFunctions02/SampleSceneDepth.uasset" 851
"../../../Engine/Content/Functions/Engine_MaterialFunctions02/SampleSceneDepth.uexp" 852
"D:/ue4/Golf_Revived/Content/post_process.uasset" 853
"D:/ue4/Golf_Revived/Content/post_process.uexp" 854
"../../../Engine/Content/EngineSky/C_Sky_Horizon_Color.uasset" 855
"../../../Engine/Content/EngineSky/C_Sky_Horizon_Color.uexp" 856
"../../../Engine/Content/EngineSky/T_Sky_Stars.ubulk" 857
"../../../Engine/Content/EngineSky/T_Sky_Stars.uasset" 858
"../../../Engine/Content/EngineSky/T_Sky_Stars.uexp" 859
"../../../Engine/Content/EngineSky/T_Sky_Clouds_M.ubulk" 860
"../../../Engine/Content/EngineSky/T_Sky_Clouds_M.uasset" 861
"../../../Engine/Content/EngineSky/T_Sky_Clouds_M.uexp" 862
"../../../Engine/Content/EngineSky/T_Sky_Blue.ubulk" 863
"../../../Engine/Content/EngineSky/T_Sky_Blue.uasset" 864
"../../../Engine/Content/EngineSky/T_Sky_Blue.uexp" 865
"../../../Engine/Content/EngineSky/M_Sky_Panning_Clouds2.uasset" 866
"../../../Engine/Content/EngineSky/M_Sky_Panning_Clouds2.uexp" 867
"../../../Engine/Content/EngineSky/SM_SkySphere.uasset" 868
"../../../Engine/Content/EngineSky/SM_SkySphere.uexp" 869
"../../../Engine/Content/EngineSky/C_Sky_Cloud_Color.uasset" 870
"../../../Engine/Content/EngineSky/C_Sky_Cloud_Color.uexp" 871
"../../../Engine/Content/EngineSky/C_Sky_Zenith_Color.uasset" 872
"../../../Engine/Content/EngineSky/C_Sky_Zenith_Color.uexp" 873
"../../../Engine/Content/EngineSky/BP_Sky_Sphere.uasset" 874
"../../../Engine/Content/EngineSky/BP_Sky_Sphere.uexp" 875
"D:/ue4/Golf_Revived/Content/props/gap.uasset" 876
"D:/ue4/Golf_Revived/Content/props/gap.uexp" 877
"D:/ue4/Golf_Revived/Content/HUD/Level_Complete.uasset" 878
"D:/ue4/Golf_Revived/Content/HUD/Level_Complete.uexp" 879
"D:/ue4/Golf_Revived/Content/props/buoy_small_color.ubulk" 880
"D:/ue4/Golf_Revived/Content/props/buoy_small_color.uasset" 881
"D:/ue4/Golf_Revived/Content/props/buoy_small_color.uexp" 882
"D:/ue4/Golf_Revived/Content/props/buoy_small.uasset" 883
"D:/ue4/Golf_Revived/Content/props/buoy_small.uexp" 884
"D:/ue4/Golf_Revived/Content/props/water_buoy_small.uasset" 885
"D:/ue4/Golf_Revived/Content/props/water_buoy_small.uexp" 886
"D:/ue4/Golf_Revived/Content/actors/water_buoy_small.uasset" 887
"D:/ue4/Golf_Revived/Content/actors/water_buoy_small.uexp" 888
"D:/ue4/Golf_Revived/Content/props/wood.uasset" 889
"D:/ue4/Golf_Revived/Content/props/wood.uexp" 890
"D:/ue4/Golf_Revived/Content/props/windmill_fan.uasset" 891
"D:/ue4/Golf_Revived/Content/props/windmill_fan.uexp" 892
"D:/ue4/Golf_Revived/Content/props/rampSharp.uasset" 893
"D:/ue4/Golf_Revived/Content/props/rampSharp.uexp" 894
"D:/ue4/Golf_Revived/Content/Sounds/level_complete.ubulk" 895
"D:/ue4/Golf_Revived/Content/Sounds/level_complete.uasset" 896
"D:/ue4/Golf_Revived/Content/Sounds/level_complete.uexp" 897
"D:/ue4/Golf_Revived/Content/props/water_buoy_color.ubulk" 898
"D:/ue4/Golf_Revived/Content/props/water_buoy_color.uasset" 899
"D:/ue4/Golf_Revived/Content/props/water_buoy_color.uexp" 900
"D:/ue4/Golf_Revived/Content/props/water_buoy_m.uasset" 901
"D:/ue4/Golf_Revived/Content/props/water_buoy_m.uexp" 902
"D:/ue4/Golf_Revived/Content/props/water_buoy.uasset" 903
"D:/ue4/Golf_Revived/Content/props/water_buoy.uexp" 904
"D:/ue4/Golf_Revived/Content/actors/water_buoy.uasset" 905
"D:/ue4/Golf_Revived/Content/actors/water_buoy.uexp" 906
"D:/ue4/Golf_Revived/Content/Material/water_color.uasset" 907
"D:/ue4/Golf_Revived/Content/Material/water_color.uexp" 908
"D:/ue4/Golf_Revived/Content/Material/NormalMap_big.uasset" 909
"D:/ue4/Golf_Revived/Content/Material/NormalMap_big.uexp" 910
"D:/ue4/Golf_Revived/Content/Material/Ocean.uasset" 911
"D:/ue4/Golf_Revived/Content/Material/Ocean.uexp" 912
"D:/ue4/Golf_Revived/Content/props/straight.uasset" 913
"D:/ue4/Golf_Revived/Content/props/straight.uexp" 914
"D:/ue4/Golf_Revived/Content/Sounds/in_hole.ubulk" 915
"D:/ue4/Golf_Revived/Content/Sounds/in_hole.uasset" 916
"D:/ue4/Golf_Revived/Content/Sounds/in_hole.uexp" 917
"D:/ue4/Golf_Revived/Content/Maps/Level9.uexp" 918
"D:/ue4/Golf_Revived/Content/Maps/Level9.umap" 919
"D:/ue4/Golf_Revived/Content/Maps/Level8.uexp" 920
"D:/ue4/Golf_Revived/Content/Maps/Level8.umap" 921
"D:/ue4/Golf_Revived/Content/props/narrowBlock.uasset" 922
"D:/ue4/Golf_Revived/Content/props/narrowBlock.uexp" 923
"D:/ue4/Golf_Revived/Content/Maps/Level7.uexp" 924
"D:/ue4/Golf_Revived/Content/Maps/Level7.umap" 925
"D:/ue4/Golf_Revived/Content/props/tunnelNarrow.uasset" 926
"D:/ue4/Golf_Revived/Content/props/tunnelNarrow.uexp" 927
"D:/ue4/Golf_Revived/Content/props/windmill_body.uasset" 928
"D:/ue4/Golf_Revived/Content/props/windmill_body.uexp" 929
"D:/ue4/Golf_Revived/Content/Maps/Level6.uexp" 930
"D:/ue4/Golf_Revived/Content/Maps/Level6.umap" 931
"D:/ue4/Golf_Revived/Content/props/split.uasset" 932
"D:/ue4/Golf_Revived/Content/props/split.uexp" 933
"D:/ue4/Golf_Revived/Content/props/castle.uasset" 934
"D:/ue4/Golf_Revived/Content/props/castle.uexp" 935
"D:/ue4/Golf_Revived/Content/Maps/Level5.uexp" 936
"D:/ue4/Golf_Revived/Content/Maps/Level5.umap" 937
"D:/ue4/Golf_Revived/Content/Maps/Level4.uexp" 938
"D:/ue4/Golf_Revived/Content/Maps/Level4.umap" 939
"D:/ue4/Golf_Revived/Content/Maps/Level3.uexp" 940
"D:/ue4/Golf_Revived/Content/Maps/Level3.umap" 941
"D:/ue4/Golf_Revived/Content/props/squareCornerA.uasset" 942
"D:/ue4/Golf_Revived/Content/props/squareCornerA.uexp" 943
"D:/ue4/Golf_Revived/Content/Maps/Level2.uexp" 944
"D:/ue4/Golf_Revived/Content/Maps/Level2.umap" 945
"D:/ue4/Golf_Revived/Content/HUD/Buttons/bg.uasset" 946
"D:/ue4/Golf_Revived/Content/HUD/Buttons/bg.uexp" 947
"D:/ue4/Golf_Revived/Content/HUD/Completed.uasset" 948
"D:/ue4/Golf_Revived/Content/HUD/Completed.uexp" 949
"D:/ue4/Golf_Revived/Content/Maps/Level12.uexp" 950
"D:/ue4/Golf_Revived/Content/Maps/Level12.umap" 951
"D:/ue4/Golf_Revived/Content/props/tunnelDouble.uasset" 952
"D:/ue4/Golf_Revived/Content/props/tunnelDouble.uexp" 953
"D:/ue4/Golf_Revived/Content/Maps/Level11.uexp" 954
"D:/ue4/Golf_Revived/Content/Maps/Level11.umap" 955
"D:/ue4/Golf_Revived/Content/Maps/Level10.uexp" 956
"D:/ue4/Golf_Revived/Content/Maps/Level10.umap" 957
"D:/ue4/Golf_Revived/Content/props/narrowRound.uasset" 958
"D:/ue4/Golf_Revived/Content/props/narrowRound.uexp" 959
"D:/ue4/Golf_Revived/Content/Maps/Level1.uexp" 960
"D:/ue4/Golf_Revived/Content/Maps/Level1.umap" 961
